<?xml version="1.0" encoding="UTF-8"?>
<testsuite xmlns:xsi="http://www.w3.org/2001/XMLSchema-instance" xsi:noNamespaceSchemaLocation="https://maven.apache.org/surefire/maven-surefire-plugin/xsd/surefire-test-report.xsd" version="3.0.2" name="se.yrgo.service.ProfileServiceIntegrationTest" time="3.056" tests="1" errors="0" skipped="0" failures="0">
  <properties>
[...]
</properties>
  <testcase name="shouldReturnProfile" classname="se.yrgo.service.ProfileServiceIntegrationTest" time="0.476">
    <system-out><![CDATA[12:48:25.281 [main] INFO org.springframework.test.context.support.AnnotationConfigContextLoaderUtils -- Could not detect default configuration classes for test class [se.yrgo.service.ProfileServiceIntegrationTest]: ProfileServiceIntegrationTest does not declare any static, non-private, non-final, nested classes annotated with @Configuration.
12:48:25.380 [main] INFO org.springframework.boot.test.context.SpringBootTestContextBootstrapper -- Found @SpringBootConfiguration se.yrgo.UserBackendApplication for test class se.yrgo.service.ProfileServiceIntegrationTest

  .   ____          _            __ _ _
 /\\ / ___'_ __ _ _(_)_ __  __ _ \ \ \ \
( ( )\___ | '_ | '_| | '_ \/ _` | \ \ \ \
 \\/  ___)| |_)| | | | | || (_| |  ) ) ) )
  '  |____| .__|_| |_|_| |_\__, | / / / /
 =========|_|==============|___/=/_/_/_/

 :: Spring Boot ::                (v3.5.7)

2025-12-17T12:48:25.737+01:00  INFO 74354 --- [UserBackend] [           main] s.y.s.ProfileServiceIntegrationTest      : Starting ProfileServiceIntegrationTest using Java 21.0.4 with PID 74354 (started by emmi in /Users/emmi/Documents/Skola/Java/Backend-programmering-Del-2/Submissions/Group-Project/frontend/Game-Vault/UserBackend)
2025-12-17T12:48:25.739+01:00  INFO 74354 --- [UserBackend] [           main] s.y.s.ProfileServiceIntegrationTest      : No active profile set, falling back to 1 default profile: "default"
2025-12-17T12:48:26.133+01:00  INFO 74354 --- [UserBackend] [           main] .s.d.r.c.RepositoryConfigurationDelegate : Bootstrapping Spring Data JPA repositories in DEFAULT mode.
2025-12-17T12:48:26.179+01:00  INFO 74354 --- [UserBackend] [           main] .s.d.r.c.RepositoryConfigurationDelegate : Finished Spring Data repository scanning in 37 ms. Found 2 JPA repository interfaces.
2025-12-17T12:48:26.225+01:00  INFO 74354 --- [UserBackend] [           main] beddedDataSourceBeanFactoryPostProcessor : Replacing 'dataSource' DataSource bean with embedded version
2025-12-17T12:48:26.292+01:00  INFO 74354 --- [UserBackend] [           main] o.s.j.d.e.EmbeddedDatabaseFactory        : Starting embedded database: url='jdbc:h2:mem:4f042972-d550-441e-9b09-67f6e4e0b57a;DB_CLOSE_DELAY=-1;DB_CLOSE_ON_EXIT=false', username='sa'
2025-12-17T12:48:26.538+01:00  INFO 74354 --- [UserBackend] [           main] o.hibernate.jpa.internal.util.LogHelper  : HHH000204: Processing PersistenceUnitInfo [name: default]
2025-12-17T12:48:26.577+01:00  INFO 74354 --- [UserBackend] [           main] org.hibernate.Version                    : HHH000412: Hibernate ORM core version 6.6.33.Final
2025-12-17T12:48:26.599+01:00  INFO 74354 --- [UserBackend] [           main] o.h.c.internal.RegionFactoryInitiator    : HHH000026: Second-level cache disabled
2025-12-17T12:48:26.793+01:00  INFO 74354 --- [UserBackend] [           main] o.s.o.j.p.SpringPersistenceUnitInfo      : No LoadTimeWeaver setup: ignoring JPA class transformer
2025-12-17T12:48:26.852+01:00  INFO 74354 --- [UserBackend] [           main] org.hibernate.orm.connections.pooling    : HHH10001005: Database info:
	Database JDBC URL [Connecting through datasource 'org.springframework.jdbc.datasource.embedded.EmbeddedDatabaseFactory$EmbeddedDataSourceProxy@17b6ad97']
	Database driver: undefined/unknown
	Database version: 2.3.232
	Autocommit mode: undefined/unknown
	Isolation level: undefined/unknown
	Minimum pool size: undefined/unknown
	Maximum pool size: undefined/unknown
2025-12-17T12:48:27.455+01:00  INFO 74354 --- [UserBackend] [           main] o.h.e.t.j.p.i.JtaPlatformInitiator       : HHH000489: No JTA platform available (set 'hibernate.transaction.jta.platform' to enable JTA platform integration)
Hibernate: drop table if exists profile cascade 
Hibernate: drop table if exists profile_roles cascade 
Hibernate: drop table if exists user_entity cascade 
Hibernate: create table profile (user_id bigint not null, avatarurl varchar(255), profile_name varchar(255) unique, real_name varchar(255), primary key (user_id))
Hibernate: create table profile_roles (profile_id bigint not null, role varchar(255))
Hibernate: create table user_entity (created_at timestamp(6), id bigint generated by default as identity, email varchar(255) unique, password varchar(255), primary key (id))
Hibernate: alter table if exists profile add constraint FK893bh4qd7voyk4vipcnsj6x73 foreign key (user_id) references user_entity
Hibernate: alter table if exists profile_roles add constraint FKgt2d29hgt9t816v5hm9u56h1d foreign key (profile_id) references profile
2025-12-17T12:48:27.492+01:00  INFO 74354 --- [UserBackend] [           main] j.LocalContainerEntityManagerFactoryBean : Initialized JPA EntityManagerFactory for persistence unit 'default'
2025-12-17T12:48:27.736+01:00  INFO 74354 --- [UserBackend] [           main] s.y.s.ProfileServiceIntegrationTest      : Started ProfileServiceIntegrationTest in 2.294 seconds (process running for 3.043)
Hibernate: insert into user_entity (created_at,email,password,id) values (?,?,?,default)
]]></system-out>
    <system-err><![CDATA[Mockito is currently self-attaching to enable the inline-mock-maker. This will no longer work in future releases of the JDK. Please add Mockito as an agent to your build as described in Mockito's documentation: https://javadoc.io/doc/org.mockito/mockito-core/latest/org.mockito/org/mockito/Mockito.html#0.3
WARNING: A Java agent has been loaded dynamically (/Users/emmi/.m2/repository/net/bytebuddy/byte-buddy-agent/1.17.8/byte-buddy-agent-1.17.8.jar)
WARNING: If a serviceability tool is in use, please run with -XX:+EnableDynamicAgentLoading to hide this warning
WARNING: If a serviceability tool is not in use, please run with -Djdk.instrument.traceUsage for more information
WARNING: Dynamic loading of agents will be disallowed by default in a future release
]]></system-err>
  </testcase>
</testsuite>