<?xml version="1.0" encoding="UTF-8"?>
<testsuite xmlns:xsi="http://www.w3.org/2001/XMLSchema-instance" xsi:noNamespaceSchemaLocation="https://maven.apache.org/surefire/maven-surefire-plugin/xsd/surefire-test-report.xsd" version="3.0.2" name="se.yrgo.UserBackendApplicationTests" time="1.048" tests="1" errors="0" skipped="0" failures="0">
  <properties>
[...]
</properties>
  <testcase name="contextLoads" classname="se.yrgo.UserBackendApplicationTests" time="0.004">
    <system-out><![CDATA[2025-12-17T12:48:28.414+01:00  INFO 74354 --- [UserBackend] [           main] t.c.s.AnnotationConfigContextLoaderUtils : Could not detect default configuration classes for test class [se.yrgo.UserBackendApplicationTests]: UserBackendApplicationTests does not declare any static, non-private, non-final, nested classes annotated with @Configuration.
2025-12-17T12:48:28.420+01:00  INFO 74354 --- [UserBackend] [           main] .b.t.c.SpringBootTestContextBootstrapper : Found @SpringBootConfiguration se.yrgo.UserBackendApplication for test class se.yrgo.UserBackendApplicationTests

  .   ____          _            __ _ _
 /\\ / ___'_ __ _ _(_)_ __  __ _ \ \ \ \
( ( )\___ | '_ | '_| | '_ \/ _` | \ \ \ \
 \\/  ___)| |_)| | | | | || (_| |  ) ) ) )
  '  |____| .__|_| |_|_| |_\__, | / / / /
 =========|_|==============|___/=/_/_/_/

 :: Spring Boot ::                (v3.5.7)

2025-12-17T12:48:28.457+01:00  INFO 74354 --- [UserBackend] [           main] se.yrgo.UserBackendApplicationTests      : Starting UserBackendApplicationTests using Java 21.0.4 with PID 74354 (started by emmi in /Users/emmi/Documents/Skola/Java/Backend-programmering-Del-2/Submissions/Group-Project/frontend/Game-Vault/UserBackend)
2025-12-17T12:48:28.458+01:00  INFO 74354 --- [UserBackend] [           main] se.yrgo.UserBackendApplicationTests      : No active profile set, falling back to 1 default profile: "default"
2025-12-17T12:48:28.686+01:00  INFO 74354 --- [UserBackend] [           main] .s.d.r.c.RepositoryConfigurationDelegate : Bootstrapping Spring Data JPA repositories in DEFAULT mode.
2025-12-17T12:48:28.700+01:00  INFO 74354 --- [UserBackend] [           main] .s.d.r.c.RepositoryConfigurationDelegate : Finished Spring Data repository scanning in 6 ms. Found 2 JPA repository interfaces.
2025-12-17T12:48:28.871+01:00  INFO 74354 --- [UserBackend] [           main] o.hibernate.jpa.internal.util.LogHelper  : HHH000204: Processing PersistenceUnitInfo [name: default]
2025-12-17T12:48:28.872+01:00  INFO 74354 --- [UserBackend] [           main] o.h.c.internal.RegionFactoryInitiator    : HHH000026: Second-level cache disabled
2025-12-17T12:48:28.877+01:00  INFO 74354 --- [UserBackend] [           main] o.s.o.j.p.SpringPersistenceUnitInfo      : No LoadTimeWeaver setup: ignoring JPA class transformer
2025-12-17T12:48:28.881+01:00  INFO 74354 --- [UserBackend] [           main] com.zaxxer.hikari.HikariDataSource       : HikariPool-1 - Starting...
2025-12-17T12:48:28.911+01:00  INFO 74354 --- [UserBackend] [           main] com.zaxxer.hikari.pool.HikariPool        : HikariPool-1 - Added connection conn8: url=jdbc:h2:file:./Database user=SA
2025-12-17T12:48:28.912+01:00  INFO 74354 --- [UserBackend] [           main] com.zaxxer.hikari.HikariDataSource       : HikariPool-1 - Start completed.
2025-12-17T12:48:28.918+01:00  INFO 74354 --- [UserBackend] [           main] org.hibernate.orm.connections.pooling    : HHH10001005: Database info:
	Database JDBC URL [Connecting through datasource 'HikariDataSource (HikariPool-1)']
	Database driver: undefined/unknown
	Database version: 2.3.232
	Autocommit mode: undefined/unknown
	Isolation level: undefined/unknown
	Minimum pool size: undefined/unknown
	Maximum pool size: undefined/unknown
2025-12-17T12:48:28.940+01:00  INFO 74354 --- [UserBackend] [           main] o.h.e.t.j.p.i.JtaPlatformInitiator       : HHH000489: No JTA platform available (set 'hibernate.transaction.jta.platform' to enable JTA platform integration)
2025-12-17T12:48:28.947+01:00  INFO 74354 --- [UserBackend] [           main] j.LocalContainerEntityManagerFactoryBean : Initialized JPA EntityManagerFactory for persistence unit 'default'
2025-12-17T12:48:29.043+01:00  WARN 74354 --- [UserBackend] [           main] JpaBaseConfiguration$JpaWebConfiguration : spring.jpa.open-in-view is enabled by default. Therefore, database queries may be performed during view rendering. Explicitly configure spring.jpa.open-in-view to disable this warning
2025-12-17T12:48:29.214+01:00  WARN 74354 --- [UserBackend] [           main] .s.s.UserDetailsServiceAutoConfiguration : 

Using generated security password: 74b98acb-cdfa-49d5-a903-f9965d495c2b

This generated password is for development use only. Your security configuration must be updated before running your application in production.

2025-12-17T12:48:29.220+01:00  INFO 74354 --- [UserBackend] [           main] r$InitializeUserDetailsManagerConfigurer : Global AuthenticationManager configured with UserDetailsService bean with name inMemoryUserDetailsManager
2025-12-17T12:48:29.419+01:00  INFO 74354 --- [UserBackend] [           main] o.s.b.a.h2.H2ConsoleAutoConfiguration    : H2 console available at '/h2-console'. Database available at 'jdbc:h2:file:./Database'
2025-12-17T12:48:29.449+01:00  INFO 74354 --- [UserBackend] [           main] se.yrgo.UserBackendApplicationTests      : Started UserBackendApplicationTests in 1.02 seconds (process running for 4.756)
]]></system-out>
  </testcase>
</testsuite>